2022-12-10 15:10:05,936 - INFO - Downloaded file from economatica.
2022-12-10 15:10:08,014 - INFO - Imported: Absolute Alpha MARB Master FIM
2022-12-10 15:10:08,452 - INFO - Imported: Absoluto Partners Master FIA
2022-12-10 15:10:11,264 - INFO - Imported: Atmos Master FIA
2022-12-10 15:10:13,546 - INFO - Imported: Constellation Master FIA
2022-12-10 15:10:17,389 - INFO - Imported: Dynamo Cougar Master FIA
2022-12-10 15:10:17,577 - INFO - Imported: Dynamo Cougar Master FIA
2022-12-10 15:10:17,780 - INFO - Imported: Encore Ações FIA
2022-12-10 15:10:18,499 - INFO - Imported: Giant Zarathustra Master FIM
2022-12-10 15:10:19,499 - INFO - Imported: Gripen Advisory FIC FIM
2022-12-10 15:10:19,592 - INFO - Imported: Ibiuna Long Short Master FIM
2022-12-10 15:10:20,967 - INFO - Imported: Indie Master FIA
2022-12-10 15:10:28,671 - INFO - Imported: JGP Equity Master FIA
2022-12-10 15:10:28,749 - INFO - Imported: Kadima High Vol Master FIM
2022-12-10 15:10:29,421 - INFO - Imported: Kiron Master FIA
2022-12-10 15:10:29,921 - INFO - Imported: Legacy Capital Master FIM
2022-12-10 15:10:31,030 - INFO - Imported: Moat Capital Master FIA
2022-12-10 15:10:32,327 - INFO - Imported: Núcleo Master FIA
2022-12-10 15:10:33,546 - INFO - Imported: Oceana Long Biased Master FIM
2022-12-10 15:10:35,124 - INFO - Imported: Sharp Equity Value Master FIA
2022-12-10 15:10:37,436 - INFO - Imported: Squadra Long Biased Master FIA
2022-12-10 15:10:37,889 - INFO - Imported: Tork Master FIA
2022-12-10 15:10:38,655 - INFO - Imported: Truxt Valor Master FIA
2022-12-10 15:10:38,936 - INFO - Imported: Vinland RF Ativo Master
2022-12-10 15:10:39,764 - INFO - Imported: XP Investor 30 Master FIA
2022-12-10 15:10:40,655 - INFO - Imported: IFMM
2022-12-10 15:10:42,171 - INFO - Imported: CDI
2022-12-10 15:10:43,139 - INFO - Imported: IBX
2022-12-10 15:10:43,968 - INFO - Imported: IMA-B
2022-12-10 15:10:44,233 - INFO - Imported: IPC-A
2022-12-10 15:11:49,218 - INFO - Downloaded file from economatica.
2022-12-10 15:11:49,734 - INFO - Imported: Absolute Alpha MARB Master FIM
2022-12-10 15:11:50,046 - INFO - Imported: Absoluto Partners Master FIA
2022-12-10 15:11:52,563 - INFO - Imported: Atmos Master FIA
2022-12-10 15:11:54,702 - INFO - Imported: Constellation Master FIA
2022-12-10 15:11:57,671 - INFO - Imported: Dynamo Cougar Master FIA
2022-12-10 15:11:57,843 - INFO - Imported: Dynamo Cougar Master FIA
2022-12-10 15:11:58,031 - INFO - Imported: Encore Ações FIA
2022-12-10 15:11:58,781 - INFO - Imported: Giant Zarathustra Master FIM
2022-12-10 15:12:00,234 - INFO - Imported: Gripen Advisory FIC FIM
2022-12-10 15:12:00,312 - INFO - Imported: Ibiuna Long Short Master FIM
2022-12-10 15:12:01,343 - INFO - Imported: Indie Master FIA
2022-12-10 15:12:03,874 - INFO - Imported: JGP Equity Master FIA
2022-12-10 15:12:04,124 - INFO - Imported: Kadima High Vol Master FIM
2022-12-10 15:12:04,593 - INFO - Imported: Kiron Master FIA
2022-12-10 15:12:05,031 - INFO - Imported: Legacy Capital Master FIM
2022-12-10 15:12:05,796 - INFO - Imported: Moat Capital Master FIA
2022-12-10 15:12:07,531 - INFO - Imported: Núcleo Master FIA
2022-12-10 15:12:08,531 - INFO - Imported: Oceana Long Biased Master FIM
2022-12-10 15:12:10,765 - INFO - Imported: Sharp Equity Value Master FIA
2022-12-10 15:12:12,749 - INFO - Imported: Squadra Long Biased Master FIA
2022-12-10 15:12:13,140 - INFO - Imported: Tork Master FIA
2022-12-10 15:12:13,937 - INFO - Imported: Truxt Valor Master FIA
2022-12-10 15:12:14,078 - INFO - Imported: Vinland RF Ativo Master
2022-12-10 15:12:14,671 - INFO - Imported: XP Investor 30 Master FIA
2022-12-10 15:12:15,453 - INFO - Imported: IFMM
2022-12-10 15:12:17,499 - INFO - Imported: CDI
2022-12-10 15:12:18,296 - INFO - Imported: IBX
2022-12-10 15:12:19,046 - INFO - Imported: IMA-B
2022-12-10 15:12:19,281 - INFO - Imported: IPC-A
2022-12-12 08:24:02,305 - INFO - Downloaded file from economatica.
2022-12-12 08:24:02,977 - INFO - Imported: Absolute Alpha MARB Master FIM
2022-12-12 08:24:03,789 - INFO - Imported: Absoluto Partners Master FIA
2022-12-12 08:24:06,180 - INFO - Imported: Atmos Master FIA
2022-12-12 08:24:06,586 - INFO - Imported: Brasil Capital Master FIA
2022-12-12 08:24:08,008 - INFO - Imported: BTG Pactual Absoluto Master FIA
2022-12-12 08:24:08,836 - INFO - Imported: Capitânia Radar 90 FIM CP
2022-12-12 08:24:10,477 - INFO - Imported: Constellation Master FIA
2022-12-12 08:24:11,555 - INFO - Imported: Dynamo Cougar FIC FIA
2022-12-12 08:24:11,727 - INFO - Imported: Dynamo Cougar Master FIA
2022-12-12 08:24:12,008 - INFO - Imported: Encore Ações FIA
2022-12-12 08:24:12,071 - INFO - Imported: Encore Long Bias FIM
2022-12-12 08:24:12,133 - INFO - Imported: Frontier Ações Master FIA
2022-12-12 08:24:12,789 - INFO - Imported: Giant Zarathustra Master FIM
2022-12-12 08:24:13,696 - INFO - Imported: Gripen Advisory FIC FIM
2022-12-12 08:24:13,836 - INFO - Imported: Ibiuna Long Short Master FIM
2022-12-12 08:24:15,696 - INFO - Imported: Indie Master FIA
2022-12-12 08:24:16,930 - INFO - Imported: JGP Equity Master FIA
2022-12-12 08:24:17,008 - INFO - Imported: Kadima High Vol Master FIM
2022-12-12 08:24:17,696 - INFO - Imported: Kiron Master FIA
2022-12-12 08:24:18,133 - INFO - Imported: Legacy Capital Master FIM
2022-12-12 08:24:19,696 - INFO - Imported: Moat Capital Master FIA
2022-12-12 08:24:21,196 - INFO - Imported: Núcleo Master FIA
2022-12-12 08:24:23,055 - INFO - Imported: Oceana Long Biased Master FIM
2022-12-12 08:24:25,039 - INFO - Imported: Sharp Equity Value Master FIA
2022-12-12 08:24:27,102 - INFO - Imported: Squadra Long Biased Master FIA
2022-12-12 08:24:28,133 - INFO - Imported: Tork Master FIA
2022-12-12 08:24:28,664 - INFO - Imported: Truxt Valor Master FIA
2022-12-12 08:24:29,055 - INFO - Imported: Vinland RF Ativo Master
2022-12-12 08:24:29,274 - INFO - Imported: Vista Long Biased Master FIM
2022-12-12 08:24:30,008 - INFO - Imported: XP Investor 30 Master FIA
2022-12-12 08:24:30,883 - INFO - Imported: IFMM
2022-12-12 08:24:32,336 - INFO - Imported: CDI
2022-12-12 08:24:33,977 - INFO - Imported: IBX
2022-12-12 08:24:34,930 - INFO - Imported: IMA-B
2022-12-12 08:24:35,164 - INFO - Imported: IPC-A
2022-12-21 21:13:11,697 - INFO - Downloaded file from economatica.
2023-01-04 15:00:12,997 - INFO - Downloaded file from economatica.
2023-01-04 15:00:57,887 - INFO - Downloaded file from economatica.
2023-01-04 15:04:20,325 - INFO - Downloaded file from economatica.
2023-01-04 15:04:21,419 - INFO - Imported: 051 SPA Vista Multiestrategia FIC FIM (1886) records
2023-01-04 15:04:22,341 - INFO - Imported: Giant Zarathustra Master FIM (3138) records
2023-01-04 15:04:23,903 - INFO - Imported: XP Investor 30 Master FIA (2860) records
2023-01-04 15:04:25,450 - INFO - Imported: Ebano (1388) records
2023-01-04 15:04:28,013 - INFO - Imported: Macauba (4630) records
2023-01-04 15:04:30,184 - INFO - Imported: Vista Long Biased Master FIM (1060) records
2023-01-04 15:04:31,184 - INFO - Imported: Vinland RF Ativo Master (706) records
2023-01-04 15:04:33,528 - INFO - Imported: Truxt Valor Master FIA (2804) records
2023-01-04 15:04:34,903 - INFO - Imported: Tork Master FIA (2096) records
2023-01-04 15:04:43,778 - INFO - Imported: Squadra Long Biased Master FIA (7414) records
2023-01-04 15:04:46,278 - INFO - Imported: Gripen Advisory FIC FIM (3276) records
2023-01-04 15:04:48,560 - INFO - Imported: SPS II Feeder B FIM CP (1392) records
2023-01-04 15:04:50,388 - INFO - Imported: Sharp Equity Value Master FIA (5626) records
2023-01-04 15:04:53,122 - INFO - Imported: RPS Total Return D30 FIC FIM (4424) records
2023-01-04 15:04:55,653 - INFO - Imported: Ares Mult FIC FIM (6398) records
2023-01-04 15:04:58,810 - INFO - Imported: Honor Master FIA (6410) records
2023-01-04 15:04:59,278 - INFO - Imported: CSHG Pátria Inf IV FIM (1340) records
2023-01-04 15:05:00,575 - INFO - Imported: Oceana Long Biased Master FIM (4432) records
2023-01-04 15:05:03,591 - INFO - Imported: Núcleo CSHG FIA FIC FIA (5332) records
2023-01-04 15:05:08,419 - INFO - Imported: Núcleo Master FIA (5486) records
2023-01-04 15:05:09,841 - INFO - Imported: Moat Capital Master FIA (2432) records
2023-01-04 15:05:13,450 - INFO - Imported: Legacy Capital Master FIM (2268) records
2023-01-04 15:05:14,872 - INFO - Imported: Kiron Master FIA (2596) records
2023-01-04 15:05:15,060 - INFO - Imported: Kadima High Vol Master FIM (390) records
2023-01-04 15:05:18,419 - INFO - Imported: VIC Mult FIC FIM (8366) records
2023-01-04 15:05:20,888 - INFO - Imported: VIC RV FIC FIA (8104) records
2023-01-04 15:05:21,091 - INFO - Imported: CSHG Jive Distressed Allocation III FIM CP (1144) records
2023-01-04 15:05:23,028 - INFO - Imported: JGP Equity Master FIA (5908) records
2023-01-04 15:05:24,857 - INFO - Imported: Indie Master FIA (5030) records
2023-01-04 15:05:27,732 - INFO - Imported: Ibiuna Long Short ST Master FIM (5368) records
2023-01-04 15:05:30,872 - INFO - Imported: G5 Allocation Equities FIC FIA (4826) records
2023-01-04 15:05:33,263 - INFO - Imported: G5 Allocation FIC FIM (8360) records
2023-01-04 15:05:34,560 - INFO - Imported: Frontier Ações Master FIA (636) records
2023-01-04 15:05:34,700 - INFO - Imported: Encore Ações FIA (968) records
2023-01-04 15:05:34,841 - INFO - Imported: Encore Long Bias FIM (968) records
2023-01-04 15:05:37,888 - INFO - Imported: Dynamo Cougar FIC FIA (13534) records
2023-01-04 15:05:38,122 - INFO - Imported: Dynamo Cougar Master FIA (832) records
2023-01-04 15:05:38,357 - INFO - Imported: CSHG Allocation Absoluto Partners FIC FIA (1062) records
2023-01-04 15:05:39,091 - INFO - Imported: CSHG Allocation Ace Capital FIC FIM (1636) records
2023-01-04 15:05:39,310 - INFO - Imported: CSHG Allocation Genoa Capital Radar FIC FIM (1262) records
2023-01-04 15:05:39,450 - INFO - Imported: CSHG Allocation Gian Zarathustra FIC FIM (844) records
2023-01-04 15:05:41,419 - INFO - Imported: CSHG Allocation Ibiúna Hedge STHG FIC FIM (5894) records
2023-01-04 15:05:42,466 - INFO - Imported: CSHG Allocation Ibiúna Hedge STHG II FIC FIM (1062) records
2023-01-04 15:05:42,810 - INFO - Imported: CSHG Allocation Legacy Capital FIC FIM (2266) records
2023-01-04 15:05:43,966 - INFO - Imported: CSHG Allocation RPS Long Bias Selection FIC FIA (1932) records
2023-01-04 15:05:44,154 - INFO - Imported: CSHG Allocation Sharp Long Biased CSHG FIC FIA (1130) records
2023-01-04 15:05:44,482 - INFO - Imported: CSHG Allocation Sharp Long Biased FIC FIA (1932) records
2023-01-04 15:05:46,482 - INFO - Imported: CSHG Allocation SPX Falcon CSHG FIC FIA (4640) records
2023-01-04 15:05:46,904 - INFO - Imported: CSHG Allocation Truxt Long Bias II FIC FIA (1778) records
2023-01-04 15:05:47,857 - INFO - Imported: CSHG Allocation Velt 90 FIC FIA (3172) records
2023-01-04 15:05:48,279 - INFO - Imported: CSHG Allocation Miles Acer Long Bias FIC FIM (2690) records
2023-01-04 15:05:49,263 - INFO - Imported: CSHG Allocation Miles Virtus FIC FIA (2408) records
2023-01-04 15:05:51,013 - INFO - Imported: CSHG Allocation Raptor L CSHG IE FIC FIM CP (2352) records
2023-01-04 15:05:53,654 - INFO - Imported: CSHG Allocation SPX Raptor CSHG IE FIC FIM CP (4522) records
2023-01-04 15:05:53,857 - INFO - Imported: CSHG Connection Brilliance BRL IE FIM CP (986) records
2023-01-04 15:05:54,997 - INFO - Imported: CSHG Grids II IE FIM CP (826) records
2023-01-04 15:05:57,825 - INFO - Imported: Constellation Master FIA (6544) records
2023-01-04 15:05:59,685 - INFO - Imported: Capitânia Radar 90 FIM CP (3546) records
2023-01-04 15:06:00,935 - INFO - Imported: BTG Pactual Absoluto Master FIA (5934) records
2023-01-04 15:06:02,450 - INFO - Imported: Brasil Capital Master FIA (6314) records
2023-01-04 15:06:04,341 - INFO - Imported: Atmos FIC FIA (6638) records
2023-01-04 15:06:07,575 - INFO - Imported: Atmos Ações II FIC FIA (4400) records
2023-01-04 15:06:09,763 - INFO - Imported: Atmos Master FIA (6638) records
2023-01-04 15:06:10,107 - INFO - Imported: Absoluto Partners Master FIA (1706) records
2023-01-04 15:06:11,357 - INFO - Imported: Absolute Alpha MARB Master FIM (1514) records
2023-01-04 15:06:14,044 - INFO - Imported: Absolute Vertex CSHG FIC FIM (4664) records
2023-01-04 15:06:15,935 - INFO - Imported: IFMM (5776) records
2023-01-04 15:06:19,497 - INFO - Imported: CDI (9216) records
2023-01-04 15:06:24,169 - INFO - Imported: BRLUSD (14506) records
2023-01-04 15:06:26,201 - INFO - Imported: IBX (6190) records
2023-01-04 15:06:28,560 - INFO - Imported: IMA-B (4849) records
2023-01-04 15:06:28,747 - INFO - Imported: IPC-A (516) records
